<?xml version="1.0" encoding="UTF-8"?>
<testng-results ignored="0" total="1" passed="1" failed="0" skipped="0">
  <reporter-output>
  </reporter-output>
  <suite started-at="2024-07-15T23:26:02 EDT" name="Default suite" finished-at="2024-07-15T23:26:05 EDT" duration-ms="3047">
    <groups>
    </groups>
    <test started-at="2024-07-15T23:26:02 EDT" name="Default test" finished-at="2024-07-15T23:26:05 EDT" duration-ms="3047">
      <class name="com.website.TestCases.RegisterTest">
        <test-method is-config="true" signature="registerSetup()[pri:0, instance:com.website.TestCases.RegisterTest@4802796d]" started-at="2024-07-15T23:26:02 EDT" name="registerSetup" finished-at="2024-07-15T23:26:05 EDT" duration-ms="2469" status="PASS">
          <reporter-output>
          </reporter-output>
        </test-method> <!-- registerSetup -->
        <test-method signature="verifyRegisterWithAllDetails()[pri:1, instance:com.website.TestCases.RegisterTest@4802796d]" started-at="2024-07-15T23:26:05 EDT" name="verifyRegisterWithAllDetails" finished-at="2024-07-15T23:26:05 EDT" duration-ms="544" status="PASS">
          <reporter-output>
          </reporter-output>
        </test-method> <!-- verifyRegisterWithAllDetails -->
      </class> <!-- com.website.TestCases.RegisterTest -->
    </test> <!-- Default test -->
  </suite> <!-- Default suite -->
</testng-results>
